==============================================
File name: test01.in
Execution time: 0.021 s
Number of steps: 2
Solution:
position = 1, 1; speed = 0, 0
position = 2, 2; speed = 1, 1
position = 2, 2; speed = 0, 0
==============================================
==============================================
File name: test02.in
Execution time: 0.001 s
Number of steps: 3
Solution:
position = 1, 1; speed = 0, 0
position = 2, 2; speed = 1, 1
position = 2, 3; speed = 0, 1
position = 2, 3; speed = 0, 0
==============================================
==============================================
File name: test03.in
Execution time: 0.765 s
Number of steps: 8
Solution:
position = 2, 1; speed = 0, 0
position = 2, 2; speed = 0, 1
position = 3, 4; speed = 1, 2
position = 5, 7; speed = 2, 3
position = 8, 9; speed = 3, 2
position = 11, 11; speed = 3, 2
position = 13, 13; speed = 2, 2
position = 14, 14; speed = 1, 1
position = 14, 14; speed = 0, 0
==============================================
==============================================
File name: test1000x1000.in
Execution time: 291.487 s
Number of steps: 327
Solution:
position = 0, 0; speed = 0, 0
position = 1, 1; speed = 1, 1
position = 2, 3; speed = 1, 2
position = 4, 6; speed = 2, 3
position = 5, 10; speed = 1, 4
position = 6, 15; speed = 1, 5
position = 8, 20; speed = 2, 5
position = 9, 26; speed = 1, 6
position = 10, 33; speed = 1, 7
position = 11, 41; speed = 1, 8
position = 12, 48; speed = 1, 7
position = 12, 54; speed = 0, 6
position = 11, 59; speed = -1, 5
position = 9, 64; speed = -2, 5
position = 8, 68; speed = -1, 4
position = 7, 71; speed = -1, 3
position = 6, 73; speed = -1, 2
position = 6, 74; speed = 0, 1
position = 7, 74; speed = 1, 0
position = 9, 75; speed = 2, 1
position = 12, 77; speed = 3, 2
position = 15, 80; speed = 3, 3
position = 17, 84; speed = 2, 4
position = 19, 89; speed = 2, 5
position = 21, 94; speed = 2, 5
position = 22, 99; speed = 1, 5
position = 22, 103; speed = 0, 4
position = 23, 106; speed = 1, 3
position = 25, 108; speed = 2, 2
position = 28, 110; speed = 3, 2
position = 32, 112; speed = 4, 2
position = 36, 115; speed = 4, 3
position = 41, 119; speed = 5, 4
position = 46, 122; speed = 5, 3
position = 51, 124; speed = 5, 2
position = 55, 127; speed = 4, 3
position = 58, 131; speed = 3, 4
position = 60, 136; speed = 2, 5
position = 61, 142; speed = 1, 6
position = 62, 149; speed = 1, 7
position = 62, 156; speed = 0, 7
position = 61, 164; speed = -1, 8
position = 59, 171; speed = -2, 7
position = 58, 177; speed = -1, 6
position = 58, 182; speed = 0, 5
position = 59, 186; speed = 1, 4
position = 61, 189; speed = 2, 3
position = 63, 193; speed = 2, 4
position = 66, 198; speed = 3, 5
position = 70, 204; speed = 4, 6
position = 75, 210; speed = 5, 6
position = 80, 215; speed = 5, 5
position = 86, 219; speed = 6, 4
position = 92, 222; speed = 6, 3
position = 98, 224; speed = 6, 2
position = 105, 225; speed = 7, 1
position = 113, 225; speed = 8, 0
position = 122, 225; speed = 9, 0
position = 132, 225; speed = 10, 0
position = 143, 224; speed = 11, -1
position = 155, 224; speed = 12, 0
position = 167, 223; speed = 12, -1
position = 180, 223; speed = 13, 0
position = 194, 224; speed = 14, 1
position = 207, 225; speed = 13, 1
position = 219, 227; speed = 12, 2
position = 230, 230; speed = 11, 3
position = 240, 234; speed = 10, 4
position = 249, 239; speed = 9, 5
position = 259, 245; speed = 10, 6
position = 268, 251; speed = 9, 6
position = 276, 258; speed = 8, 7
position = 283, 266; speed = 7, 8
position = 289, 274; speed = 6, 8
position = 294, 283; speed = 5, 9
position = 298, 292; speed = 4, 9
position = 302, 302; speed = 4, 10
position = 306, 312; speed = 4, 10
position = 309, 322; speed = 3, 10
position = 311, 331; speed = 2, 9
position = 312, 339; speed = 1, 8
position = 312, 346; speed = 0, 7
position = 311, 352; speed = -1, 6
position = 310, 358; speed = -1, 6
position = 308, 364; speed = -2, 6
position = 306, 370; speed = -2, 6
position = 303, 375; speed = -3, 5
position = 301, 379; speed = -2, 4
position = 299, 382; speed = -2, 3
position = 298, 384; speed = -1, 2
position = 298, 386; speed = 0, 2
position = 299, 388; speed = 1, 2
position = 301, 389; speed = 2, 1
position = 303, 390; speed = 2, 1
position = 306, 392; speed = 3, 2
position = 309, 395; speed = 3, 3
position = 312, 399; speed = 3, 4
position = 316, 404; speed = 4, 5
position = 319, 410; speed = 3, 6
position = 323, 416; speed = 4, 6
position = 328, 423; speed = 5, 7
position = 334, 429; speed = 6, 6
position = 340, 434; speed = 6, 5
position = 347, 439; speed = 7, 5
position = 355, 443; speed = 8, 4
position = 364, 447; speed = 9, 4
position = 373, 450; speed = 9, 3
position = 381, 454; speed = 8, 4
position = 388, 457; speed = 7, 3
position = 394, 461; speed = 6, 4
position = 399, 466; speed = 5, 5
position = 403, 472; speed = 4, 6
position = 406, 478; speed = 3, 6
position = 409, 485; speed = 3, 7
position = 412, 493; speed = 3, 8
position = 415, 501; speed = 3, 8
position = 419, 508; speed = 4, 7
position = 424, 514; speed = 5, 6
position = 430, 519; speed = 6, 5
position = 437, 523; speed = 7, 4
position = 444, 526; speed = 7, 3
position = 451, 528; speed = 7, 2
position = 458, 530; speed = 7, 2
position = 465, 531; speed = 7, 1
position = 472, 532; speed = 7, 1
position = 478, 534; speed = 6, 2
position = 483, 535; speed = 5, 1
position = 487, 537; speed = 4, 2
position = 490, 540; speed = 3, 3
position = 492, 544; speed = 2, 4
position = 493, 548; speed = 1, 4
position = 494, 553; speed = 1, 5
position = 495, 559; speed = 1, 6
position = 496, 566; speed = 1, 7
position = 497, 574; speed = 1, 8
position = 499, 582; speed = 2, 8
position = 502, 589; speed = 3, 7
position = 505, 595; speed = 3, 6
position = 509, 600; speed = 4, 5
position = 514, 606; speed = 5, 6
position = 520, 611; speed = 6, 5
position = 527, 617; speed = 7, 6
position = 535, 623; speed = 8, 6
position = 544, 628; speed = 9, 5
position = 554, 632; speed = 10, 4
position = 564, 637; speed = 10, 5
position = 575, 641; speed = 11, 4
position = 585, 644; speed = 10, 3
position = 594, 646; speed = 9, 2
position = 602, 648; speed = 8, 2
position = 609, 651; speed = 7, 3
position = 615, 655; speed = 6, 4
position = 620, 660; speed = 5, 5
position = 624, 666; speed = 4, 6
position = 628, 673; speed = 4, 7
position = 631, 680; speed = 3, 7
position = 635, 688; speed = 4, 8
position = 639, 696; speed = 4, 8
position = 644, 703; speed = 5, 7
position = 648, 709; speed = 4, 6
position = 653, 714; speed = 5, 5
position = 657, 718; speed = 4, 4
position = 661, 721; speed = 4, 3
position = 664, 723; speed = 3, 2
position = 667, 724; speed = 3, 1
position = 670, 724; speed = 3, 0
position = 674, 723; speed = 4, -1
position = 678, 721; speed = 4, -2
position = 682, 719; speed = 4, -2
position = 687, 718; speed = 5, -1
position = 693, 716; speed = 6, -2
position = 700, 715; speed = 7, -1
position = 707, 715; speed = 7, 0
position = 713, 716; speed = 6, 1
position = 718, 717; speed = 5, 1
position = 722, 719; speed = 4, 2
position = 726, 721; speed = 4, 2
position = 729, 723; speed = 3, 2
position = 731, 726; speed = 2, 3
position = 733, 730; speed = 2, 4
position = 734, 734; speed = 1, 4
position = 736, 739; speed = 2, 5
position = 738, 745; speed = 2, 6
position = 741, 750; speed = 3, 5
position = 745, 754; speed = 4, 4
position = 750, 757; speed = 5, 3
position = 755, 759; speed = 5, 2
position = 761, 760; speed = 6, 1
position = 768, 760; speed = 7, 0
position = 775, 759; speed = 7, -1
position = 782, 757; speed = 7, -2
position = 789, 754; speed = 7, -3
position = 797, 750; speed = 8, -4
position = 804, 745; speed = 7, -5
position = 810, 739; speed = 6, -6
position = 815, 733; speed = 5, -6
position = 820, 728; speed = 5, -5
position = 824, 724; speed = 4, -4
position = 827, 721; speed = 3, -3
position = 831, 718; speed = 4, -3
position = 836, 716; speed = 5, -2
position = 841, 715; speed = 5, -1
position = 846, 715; speed = 5, 0
position = 852, 716; speed = 6, 1
position = 857, 718; speed = 5, 2
position = 863, 720; speed = 6, 2
position = 870, 723; speed = 7, 3
position = 878, 727; speed = 8, 4
position = 886, 731; speed = 8, 4
position = 893, 734; speed = 7, 3
position = 899, 738; speed = 6, 4
position = 904, 743; speed = 5, 5
position = 908, 748; speed = 4, 5
position = 911, 752; speed = 3, 4
position = 913, 755; speed = 2, 3
position = 914, 757; speed = 1, 2
position = 914, 760; speed = 0, 3
position = 913, 764; speed = -1, 4
position = 911, 769; speed = -2, 5
position = 909, 774; speed = -2, 5
position = 907, 780; speed = -2, 6
position = 904, 785; speed = -3, 5
position = 900, 789; speed = -4, 4
position = 895, 792; speed = -5, 3
position = 889, 794; speed = -6, 2
position = 883, 795; speed = -6, 1
position = 878, 796; speed = -5, 1
position = 874, 796; speed = -4, 0
position = 871, 796; speed = -3, 0
position = 868, 797; speed = -3, 1
position = 866, 797; speed = -2, 0
position = 863, 796; speed = -3, -1
position = 861, 795; speed = -2, -1
position = 860, 793; speed = -1, -2
position = 860, 790; speed = 0, -3
position = 860, 786; speed = 0, -4
position = 861, 781; speed = 1, -5
position = 862, 776; speed = 1, -5
position = 863, 770; speed = 1, -6
position = 865, 763; speed = 2, -7
position = 866, 757; speed = 1, -6
position = 866, 751; speed = 0, -6
position = 865, 746; speed = -1, -5
position = 865, 742; speed = 0, -4
position = 864, 739; speed = -1, -3
position = 863, 737; speed = -1, -2
position = 862, 736; speed = -1, -1
position = 861, 736; speed = -1, 0
position = 860, 737; speed = -1, 1
position = 859, 739; speed = -1, 2
position = 857, 742; speed = -2, 3
position = 854, 746; speed = -3, 4
position = 850, 751; speed = -4, 5
position = 847, 757; speed = -3, 6
position = 845, 764; speed = -2, 7
position = 844, 772; speed = -1, 8
position = 842, 781; speed = -2, 9
position = 841, 791; speed = -1, 10
position = 841, 801; speed = 0, 10
position = 842, 811; speed = 1, 10
position = 843, 821; speed = 1, 10
position = 845, 832; speed = 2, 11
position = 848, 844; speed = 3, 12
position = 851, 856; speed = 3, 12
position = 855, 868; speed = 4, 12
position = 859, 880; speed = 4, 12
position = 864, 891; speed = 5, 11
position = 869, 901; speed = 5, 10
position = 874, 910; speed = 5, 9
position = 879, 918; speed = 5, 8
position = 884, 925; speed = 5, 7
position = 889, 931; speed = 5, 6
position = 894, 936; speed = 5, 5
position = 898, 940; speed = 4, 4
position = 903, 944; speed = 5, 4
position = 908, 947; speed = 5, 3
position = 912, 949; speed = 4, 2
position = 915, 950; speed = 3, 1
position = 918, 950; speed = 3, 0
position = 922, 949; speed = 4, -1
position = 926, 947; speed = 4, -2
position = 929, 944; speed = 3, -3
position = 933, 942; speed = 4, -2
position = 938, 939; speed = 5, -3
position = 943, 937; speed = 5, -2
position = 949, 936; speed = 6, -1
position = 954, 936; speed = 5, 0
position = 958, 937; speed = 4, 1
position = 961, 939; speed = 3, 2
position = 964, 942; speed = 3, 3
position = 967, 945; speed = 3, 3
position = 970, 949; speed = 3, 4
position = 972, 953; speed = 2, 4
position = 973, 957; speed = 1, 4
position = 973, 960; speed = 0, 3
position = 972, 962; speed = -1, 2
position = 970, 965; speed = -2, 3
position = 968, 967; speed = -2, 2
position = 965, 968; speed = -3, 1
position = 963, 969; speed = -2, 1
position = 960, 970; speed = -3, 1
position = 957, 970; speed = -3, 0
position = 955, 970; speed = -2, 0
position = 953, 971; speed = -2, 1
position = 952, 973; speed = -1, 2
position = 952, 976; speed = 0, 3
position = 953, 980; speed = 1, 4
position = 955, 984; speed = 2, 4
position = 957, 987; speed = 2, 3
position = 959, 990; speed = 2, 3
position = 962, 992; speed = 3, 2
position = 965, 993; speed = 3, 1
position = 968, 993; speed = 3, 0
position = 972, 992; speed = 4, -1
position = 975, 991; speed = 3, -1
position = 977, 989; speed = 2, -2
position = 979, 987; speed = 2, -2
position = 981, 986; speed = 2, -1
position = 984, 986; speed = 3, 0
position = 987, 987; speed = 3, 1
position = 989, 988; speed = 2, 1
position = 992, 990; speed = 3, 2
position = 994, 993; speed = 2, 3
position = 995, 996; speed = 1, 3
position = 996, 998; speed = 1, 2
position = 998, 999; speed = 2, 1
position = 999, 999; speed = 1, 0
position = 999, 999; speed = 0, 0
==============================================